<?xml version="1.0" encoding="UTF-8"?>
<coverage generated="1769612551054" clover="3.2.0">
  <project timestamp="1769612551054" name="All files">
    <metrics statements="29" coveredstatements="29" conditionals="19" coveredconditionals="18" methods="12" coveredmethods="12" elements="60" coveredelements="59" complexity="0" loc="29" ncloc="29" packages="1" files="2" classes="2"/>
    <file name="calculator.js" path="C:\Projects\DOTNET\Workshop\WS_CI-Pipeline-Exercise\src\calculator.js">
      <metrics statements="8" coveredstatements="8" conditionals="6" coveredconditionals="5" methods="4" coveredmethods="4"/>
      <line num="4" count="4" type="stmt"/>
      <line num="8" count="3" type="stmt"/>
      <line num="12" count="4" type="stmt"/>
      <line num="16" count="5" type="cond" truecount="2" falsecount="0"/>
      <line num="17" count="2" type="stmt"/>
      <line num="19" count="3" type="stmt"/>
      <line num="22" count="1" type="cond" truecount="3" falsecount="1"/>
      <line num="23" count="1" type="stmt"/>
    </file>
    <file name="todoManager.js" path="C:\Projects\DOTNET\Workshop\WS_CI-Pipeline-Exercise\src\todoManager.js">
      <metrics statements="21" coveredstatements="21" conditionals="13" coveredconditionals="13" methods="8" coveredmethods="8"/>
      <line num="3" count="11" type="stmt"/>
      <line num="4" count="11" type="stmt"/>
      <line num="8" count="8" type="cond" truecount="5" falsecount="0"/>
      <line num="9" count="3" type="stmt"/>
      <line num="12" count="5" type="stmt"/>
      <line num="18" count="5" type="stmt"/>
      <line num="19" count="5" type="stmt"/>
      <line num="23" count="5" type="stmt"/>
      <line num="27" count="6" type="cond" truecount="2" falsecount="0"/>
      <line num="28" count="1" type="stmt"/>
      <line num="30" count="5" type="cond" truecount="2" falsecount="0"/>
      <line num="34" count="3" type="stmt"/>
      <line num="35" count="3" type="cond" truecount="2" falsecount="0"/>
      <line num="36" count="1" type="stmt"/>
      <line num="38" count="2" type="stmt"/>
      <line num="39" count="2" type="stmt"/>
      <line num="43" count="2" type="stmt"/>
      <line num="44" count="2" type="cond" truecount="2" falsecount="0"/>
      <line num="45" count="1" type="stmt"/>
      <line num="47" count="1" type="stmt"/>
      <line num="51" count="1" type="stmt"/>
    </file>
  </project>
</coverage>
