{"C:\\Projects\\DOTNET\\Workshop\\WS_CI-Pipeline-Exercise\\src\\calculator.js": {"path":"C:\\Projects\\DOTNET\\Workshop\\WS_CI-Pipeline-Exercise\\src\\calculator.js","statementMap":{"0":{"start":{"line":4,"column":2},"end":{"line":4,"column":15}},"1":{"start":{"line":8,"column":2},"end":{"line":8,"column":15}},"2":{"start":{"line":12,"column":2},"end":{"line":12,"column":15}},"3":{"start":{"line":16,"column":2},"end":{"line":18,"column":3}},"4":{"start":{"line":17,"column":4},"end":{"line":17,"column":55}},"5":{"start":{"line":19,"column":2},"end":{"line":19,"column":15}},"6":{"start":{"line":22,"column":0},"end":{"line":24,"column":1}},"7":{"start":{"line":23,"column":4},"end":{"line":23,"column":57}}},"fnMap":{"0":{"name":"add","decl":{"start":{"line":3,"column":9},"end":{"line":3,"column":12}},"loc":{"start":{"line":3,"column":19},"end":{"line":5,"column":1}},"line":3},"1":{"name":"subtract","decl":{"start":{"line":7,"column":9},"end":{"line":7,"column":17}},"loc":{"start":{"line":7,"column":24},"end":{"line":9,"column":1}},"line":7},"2":{"name":"multiply","decl":{"start":{"line":11,"column":9},"end":{"line":11,"column":17}},"loc":{"start":{"line":11,"column":24},"end":{"line":13,"column":1}},"line":11},"3":{"name":"divide","decl":{"start":{"line":15,"column":9},"end":{"line":15,"column":15}},"loc":{"start":{"line":15,"column":22},"end":{"line":20,"column":1}},"line":15}},"branchMap":{"0":{"loc":{"start":{"line":16,"column":2},"end":{"line":18,"column":3}},"type":"if","locations":[{"start":{"line":16,"column":2},"end":{"line":18,"column":3}},{"start":{},"end":{}}],"line":16},"1":{"loc":{"start":{"line":22,"column":0},"end":{"line":24,"column":1}},"type":"if","locations":[{"start":{"line":22,"column":0},"end":{"line":24,"column":1}},{"start":{},"end":{}}],"line":22},"2":{"loc":{"start":{"line":22,"column":4},"end":{"line":22,"column":51}},"type":"binary-expr","locations":[{"start":{"line":22,"column":4},"end":{"line":22,"column":33}},{"start":{"line":22,"column":37},"end":{"line":22,"column":51}}],"line":22}},"s":{"0":4,"1":3,"2":4,"3":5,"4":2,"5":3,"6":1,"7":1},"f":{"0":4,"1":3,"2":4,"3":5},"b":{"0":[2,3],"1":[1,0],"2":[1,1]},"_coverageSchema":"1a1c01bbd47fc00a2c39e90264f33305004495a9","hash":"e1cc7fa68a8c281eff842a147ce23459f9fcd45c"}
,"C:\\Projects\\DOTNET\\Workshop\\WS_CI-Pipeline-Exercise\\src\\todoManager.js": {"path":"C:\\Projects\\DOTNET\\Workshop\\WS_CI-Pipeline-Exercise\\src\\todoManager.js","statementMap":{"0":{"start":{"line":3,"column":4},"end":{"line":3,"column":20}},"1":{"start":{"line":4,"column":4},"end":{"line":4,"column":20}},"2":{"start":{"line":8,"column":4},"end":{"line":10,"column":5}},"3":{"start":{"line":9,"column":6},"end":{"line":9,"column":62}},"4":{"start":{"line":12,"column":17},"end":{"line":16,"column":5}},"5":{"start":{"line":18,"column":4},"end":{"line":18,"column":26}},"6":{"start":{"line":19,"column":4},"end":{"line":19,"column":16}},"7":{"start":{"line":23,"column":4},"end":{"line":23,"column":27}},"8":{"start":{"line":27,"column":4},"end":{"line":29,"column":5}},"9":{"start":{"line":28,"column":6},"end":{"line":28,"column":36}},"10":{"start":{"line":30,"column":4},"end":{"line":30,"column":53}},"11":{"start":{"line":30,"column":32},"end":{"line":30,"column":43}},"12":{"start":{"line":34,"column":17},"end":{"line":34,"column":37}},"13":{"start":{"line":35,"column":4},"end":{"line":37,"column":5}},"14":{"start":{"line":36,"column":6},"end":{"line":36,"column":40}},"15":{"start":{"line":38,"column":4},"end":{"line":38,"column":37}},"16":{"start":{"line":39,"column":4},"end":{"line":39,"column":16}},"17":{"start":{"line":43,"column":18},"end":{"line":43,"column":56}},"18":{"start":{"line":43,"column":44},"end":{"line":43,"column":55}},"19":{"start":{"line":44,"column":4},"end":{"line":46,"column":5}},"20":{"start":{"line":45,"column":6},"end":{"line":45,"column":40}},"21":{"start":{"line":47,"column":4},"end":{"line":47,"column":42}},"22":{"start":{"line":51,"column":0},"end":{"line":51,"column":29}}},"fnMap":{"0":{"name":"(anonymous_0)","decl":{"start":{"line":2,"column":2},"end":{"line":2,"column":3}},"loc":{"start":{"line":2,"column":16},"end":{"line":5,"column":3}},"line":2},"1":{"name":"(anonymous_1)","decl":{"start":{"line":7,"column":2},"end":{"line":7,"column":3}},"loc":{"start":{"line":7,"column":16},"end":{"line":20,"column":3}},"line":7},"2":{"name":"(anonymous_2)","decl":{"start":{"line":22,"column":2},"end":{"line":22,"column":3}},"loc":{"start":{"line":22,"column":13},"end":{"line":24,"column":3}},"line":22},"3":{"name":"(anonymous_3)","decl":{"start":{"line":26,"column":2},"end":{"line":26,"column":3}},"loc":{"start":{"line":26,"column":18},"end":{"line":31,"column":3}},"line":26},"4":{"name":"(anonymous_4)","decl":{"start":{"line":30,"column":27},"end":{"line":30,"column":28}},"loc":{"start":{"line":30,"column":32},"end":{"line":30,"column":43}},"line":30},"5":{"name":"(anonymous_5)","decl":{"start":{"line":33,"column":2},"end":{"line":33,"column":3}},"loc":{"start":{"line":33,"column":17},"end":{"line":40,"column":3}},"line":33},"6":{"name":"(anonymous_6)","decl":{"start":{"line":42,"column":2},"end":{"line":42,"column":3}},"loc":{"start":{"line":42,"column":17},"end":{"line":48,"column":3}},"line":42},"7":{"name":"(anonymous_7)","decl":{"start":{"line":43,"column":39},"end":{"line":43,"column":40}},"loc":{"start":{"line":43,"column":44},"end":{"line":43,"column":55}},"line":43}},"branchMap":{"0":{"loc":{"start":{"line":8,"column":4},"end":{"line":10,"column":5}},"type":"if","locations":[{"start":{"line":8,"column":4},"end":{"line":10,"column":5}},{"start":{},"end":{}}],"line":8},"1":{"loc":{"start":{"line":8,"column":8},"end":{"line":8,"column":63}},"type":"binary-expr","locations":[{"start":{"line":8,"column":8},"end":{"line":8,"column":13}},{"start":{"line":8,"column":17},"end":{"line":8,"column":41}},{"start":{"line":8,"column":45},"end":{"line":8,"column":63}}],"line":8},"2":{"loc":{"start":{"line":27,"column":4},"end":{"line":29,"column":5}},"type":"if","locations":[{"start":{"line":27,"column":4},"end":{"line":29,"column":5}},{"start":{},"end":{}}],"line":27},"3":{"loc":{"start":{"line":30,"column":11},"end":{"line":30,"column":52}},"type":"binary-expr","locations":[{"start":{"line":30,"column":11},"end":{"line":30,"column":44}},{"start":{"line":30,"column":48},"end":{"line":30,"column":52}}],"line":30},"4":{"loc":{"start":{"line":35,"column":4},"end":{"line":37,"column":5}},"type":"if","locations":[{"start":{"line":35,"column":4},"end":{"line":37,"column":5}},{"start":{},"end":{}}],"line":35},"5":{"loc":{"start":{"line":44,"column":4},"end":{"line":46,"column":5}},"type":"if","locations":[{"start":{"line":44,"column":4},"end":{"line":46,"column":5}},{"start":{},"end":{}}],"line":44}},"s":{"0":11,"1":11,"2":8,"3":3,"4":5,"5":5,"6":5,"7":5,"8":6,"9":1,"10":5,"11":3,"12":3,"13":3,"14":1,"15":2,"16":2,"17":2,"18":1,"19":2,"20":1,"21":1,"22":1},"f":{"0":11,"1":8,"2":5,"3":6,"4":3,"5":3,"6":2,"7":1},"b":{"0":[3,5],"1":[8,6,6],"2":[1,5],"3":[5,2],"4":[1,2],"5":[1,1]},"_coverageSchema":"1a1c01bbd47fc00a2c39e90264f33305004495a9","hash":"56159866b409a7328899c1cb00e499426139bfd4"}
,"C:\\Projects\\DOTNET\\Workshop\\WS_CI-Pipeline-Exercise\\src\\weatherService.js": {"path":"C:\\Projects\\DOTNET\\Workshop\\WS_CI-Pipeline-Exercise\\src\\weatherService.js","statementMap":{"0":{"start":{"line":3,"column":4},"end":{"line":3,"column":27}},"1":{"start":{"line":4,"column":4},"end":{"line":4,"column":27}},"2":{"start":{"line":8,"column":18},"end":{"line":8,"column":19}},"3":{"start":{"line":10,"column":4},"end":{"line":33,"column":5}},"4":{"start":{"line":11,"column":6},"end":{"line":32,"column":7}},"5":{"start":{"line":12,"column":27},"end":{"line":12,"column":48}},"6":{"start":{"line":13,"column":19},"end":{"line":13,"column":69}},"7":{"start":{"line":13,"column":36},"end":{"line":13,"column":54}},"8":{"start":{"line":15,"column":25},"end":{"line":18,"column":9}},"9":{"start":{"line":20,"column":8},"end":{"line":20,"column":25}},"10":{"start":{"line":22,"column":8},"end":{"line":24,"column":9}},"11":{"start":{"line":23,"column":10},"end":{"line":23,"column":39}},"12":{"start":{"line":26,"column":8},"end":{"line":26,"column":37}},"13":{"start":{"line":28,"column":8},"end":{"line":30,"column":9}},"14":{"start":{"line":29,"column":10},"end":{"line":29,"column":22}},"15":{"start":{"line":31,"column":8},"end":{"line":31,"column":18}},"16":{"start":{"line":37,"column":0},"end":{"line":37,"column":32}}},"fnMap":{"0":{"name":"(anonymous_0)","decl":{"start":{"line":2,"column":2},"end":{"line":2,"column":3}},"loc":{"start":{"line":2,"column":52},"end":{"line":5,"column":3}},"line":2},"1":{"name":"(anonymous_1)","decl":{"start":{"line":7,"column":2},"end":{"line":7,"column":3}},"loc":{"start":{"line":7,"column":25},"end":{"line":34,"column":3}},"line":7},"2":{"name":"(anonymous_2)","decl":{"start":{"line":13,"column":30},"end":{"line":13,"column":31}},"loc":{"start":{"line":13,"column":36},"end":{"line":13,"column":54}},"line":13}},"branchMap":{"0":{"loc":{"start":{"line":2,"column":14},"end":{"line":2,"column":50}},"type":"default-arg","locations":[{"start":{"line":2,"column":48},"end":{"line":2,"column":50}}],"line":2},"1":{"loc":{"start":{"line":2,"column":16},"end":{"line":2,"column":27}},"type":"default-arg","locations":[{"start":{"line":2,"column":26},"end":{"line":2,"column":27}}],"line":2},"2":{"loc":{"start":{"line":2,"column":29},"end":{"line":2,"column":43}},"type":"default-arg","locations":[{"start":{"line":2,"column":39},"end":{"line":2,"column":43}}],"line":2},"3":{"loc":{"start":{"line":22,"column":8},"end":{"line":24,"column":9}},"type":"if","locations":[{"start":{"line":22,"column":8},"end":{"line":24,"column":9}},{"start":{},"end":{}}],"line":22},"4":{"loc":{"start":{"line":28,"column":8},"end":{"line":30,"column":9}},"type":"if","locations":[{"start":{"line":28,"column":8},"end":{"line":30,"column":9}},{"start":{},"end":{}}],"line":28}},"s":{"0":2,"1":2,"2":2,"3":2,"4":3,"5":3,"6":3,"7":0,"8":3,"9":1,"10":1,"11":0,"12":1,"13":2,"14":1,"15":1,"16":1},"f":{"0":2,"1":2,"2":0},"b":{"0":[1],"1":[1],"2":[2],"3":[0,1],"4":[1,1]},"_coverageSchema":"1a1c01bbd47fc00a2c39e90264f33305004495a9","hash":"4c597433c2a693f85ce4177b94bbdd74fc17743a"}
}
