TN:
SF:src\calculator.js
FN:3,add
FN:7,subtract
FN:11,multiply
FN:15,divide
FNF:4
FNH:4
FNDA:4,add
FNDA:3,subtract
FNDA:4,multiply
FNDA:5,divide
DA:4,4
DA:8,3
DA:12,4
DA:16,5
DA:17,2
DA:19,3
DA:22,1
DA:23,1
LF:8
LH:8
BRDA:16,0,0,2
BRDA:16,0,1,3
BRDA:22,1,0,1
BRDA:22,1,1,0
BRDA:22,2,0,1
BRDA:22,2,1,1
BRF:6
BRH:5
end_of_record
TN:
SF:src\todoManager.js
FN:2,(anonymous_0)
FN:7,(anonymous_1)
FN:22,(anonymous_2)
FN:26,(anonymous_3)
FN:30,(anonymous_4)
FN:33,(anonymous_5)
FN:42,(anonymous_6)
FN:43,(anonymous_7)
FNF:8
FNH:8
FNDA:11,(anonymous_0)
FNDA:8,(anonymous_1)
FNDA:5,(anonymous_2)
FNDA:6,(anonymous_3)
FNDA:3,(anonymous_4)
FNDA:3,(anonymous_5)
FNDA:2,(anonymous_6)
FNDA:1,(anonymous_7)
DA:3,11
DA:4,11
DA:8,8
DA:9,3
DA:12,5
DA:18,5
DA:19,5
DA:23,5
DA:27,6
DA:28,1
DA:30,5
DA:34,3
DA:35,3
DA:36,1
DA:38,2
DA:39,2
DA:43,2
DA:44,2
DA:45,1
DA:47,1
DA:51,1
LF:21
LH:21
BRDA:8,0,0,3
BRDA:8,0,1,5
BRDA:8,1,0,8
BRDA:8,1,1,6
BRDA:8,1,2,6
BRDA:27,2,0,1
BRDA:27,2,1,5
BRDA:30,3,0,5
BRDA:30,3,1,2
BRDA:35,4,0,1
BRDA:35,4,1,2
BRDA:44,5,0,1
BRDA:44,5,1,1
BRF:13
BRH:13
end_of_record
TN:
SF:src\weatherService.js
FN:2,(anonymous_0)
FN:7,(anonymous_1)
FN:13,(anonymous_2)
FNF:3
FNH:2
FNDA:2,(anonymous_0)
FNDA:2,(anonymous_1)
FNDA:0,(anonymous_2)
DA:3,2
DA:4,2
DA:8,2
DA:10,2
DA:11,3
DA:12,3
DA:13,3
DA:15,3
DA:20,1
DA:22,1
DA:23,0
DA:26,1
DA:28,2
DA:29,1
DA:31,1
DA:37,1
LF:16
LH:15
BRDA:2,0,0,1
BRDA:2,1,0,1
BRDA:2,2,0,2
BRDA:22,3,0,0
BRDA:22,3,1,1
BRDA:28,4,0,1
BRDA:28,4,1,1
BRF:7
BRH:6
end_of_record
